<?xml version="1.0" encoding="UTF-8"?>
<!-- Generated by org.testng.reporters.JUnitXMLReporter -->
<testsuite ignored="0" hostname="Dominic-Malile" failures="0" tests="23" name="Test" time="3.884" errors="0" timestamp="2023-02-27T01:35:36 EAT">
  <testcase classname="dominicmalile.TestCases.ConvertUnixTimeStampToDate" name="VerifyStatusLine" time="0.015"/>
  <testcase classname="dominicmalile.TestCases.ConvertUnixTimeStampToDate" name="verifyContentEncoding" time="0.003"/>
  <testcase classname="dominicmalile.TestCases.ConvertUnixTimeStampToDate" name="verifyContentType" time="0.002"/>
  <testcase classname="dominicmalile.TestCases.ConvertUnixTimeStampToDate" name="verifyHTTPstatuscode" time="0.001"/>
  <testcase classname="dominicmalile.TestCases.ConvertUnixTimeStampToDate" name="verifyResponseBody" time="0.038"/>
  <testcase classname="dominicmalile.TestCases.ConvertUnixTimeStampToDate" name="verifyResponseTime" time="0.012"/>
  <testcase classname="dominicmalile.TestCases.ConvertUnixTimeStampToDate" name="verifyServer" time="0.002"/>
  <testcase classname="dominicmalile.TestCases.ConvertUnixTimeStampToDate" name="verifyTransferEncoding" time="0.004"/>
  <testcase classname="dominicmalile.TestCases.InvalidDateString" name="VerifyStatusLine" time="0.003"/>
  <testcase classname="dominicmalile.TestCases.InvalidDateString" name="verifyContentEncoding" time="0.001"/>
  <testcase classname="dominicmalile.TestCases.InvalidDateString" name="verifyContentType" time="0.003"/>
  <testcase classname="dominicmalile.TestCases.InvalidDateString" name="verifyHTTPstatuscode" time="0.003"/>
  <testcase classname="dominicmalile.TestCases.InvalidDateString" name="verifyResponseBody" time="0.002"/>
  <testcase classname="dominicmalile.TestCases.InvalidDateString" name="verifyResponseTime" time="0.002"/>
  <testcase classname="dominicmalile.TestCases.InvalidDateString" name="verifyServer" time="0.001"/>
  <testcase classname="dominicmalile.TestCases.InvalidDateString" name="verifyTransferEncoding" time="0.002"/>
  <testcase classname="dominicmalile.TestCases.ConvertDateToUnixTimeStamp" name="VerifyStatusLine" time="0.002"/>
  <testcase classname="dominicmalile.TestCases.ConvertDateToUnixTimeStamp" name="verifyContentEncoding" time="0.002"/>
  <testcase classname="dominicmalile.TestCases.ConvertDateToUnixTimeStamp" name="verifyContentType" time="0.002"/>
  <testcase classname="dominicmalile.TestCases.ConvertDateToUnixTimeStamp" name="verifyHTTPstatuscode" time="0.001"/>
  <testcase classname="dominicmalile.TestCases.ConvertDateToUnixTimeStamp" name="verifyResponseBody" time="0.003"/>
  <testcase classname="dominicmalile.TestCases.ConvertDateToUnixTimeStamp" name="verifyServer" time="0.001"/>
  <testcase classname="dominicmalile.TestCases.ConvertDateToUnixTimeStamp" name="verifyTransferEncoding" time="0.001"/>
</testsuite> <!-- Test -->
