<?xml version="1.0" encoding="UTF-8"?>
<testng-results ignored="0" total="24" passed="24" failed="0" skipped="0">
  <reporter-output>
  </reporter-output>
  <suite started-at="2023-02-27T10:12:48 EAT" name="Unix Timestamp Converter" finished-at="2023-02-27T10:12:52 EAT" duration-ms="3663">
    <groups>
    </groups>
    <test started-at="2023-02-27T10:12:48 EAT" name="Test" finished-at="2023-02-27T10:12:52 EAT" duration-ms="3663">
      <class name="dominicmalile.TestCases.ConvertDateToUnixTimeStamp">
        <test-method is-config="true" signature="dateToUnixStamp()[pri:0, instance:dominicmalile.TestCases.ConvertDateToUnixTimeStamp@6379eb]" started-at="2023-02-27T10:12:48 EAT" name="dateToUnixStamp" finished-at="2023-02-27T10:12:50 EAT" duration-ms="2424" status="PASS">
          <reporter-output>
          </reporter-output>
        </test-method> <!-- dateToUnixStamp -->
        <test-method signature="VerifyStatusLine()[pri:0, instance:dominicmalile.TestCases.ConvertDateToUnixTimeStamp@6379eb]" started-at="2023-02-27T10:12:52 EAT" name="VerifyStatusLine" finished-at="2023-02-27T10:12:52 EAT" duration-ms="1" status="PASS">
          <reporter-output>
          </reporter-output>
        </test-method> <!-- VerifyStatusLine -->
        <test-method signature="verifyContentEncoding()[pri:0, instance:dominicmalile.TestCases.ConvertDateToUnixTimeStamp@6379eb]" started-at="2023-02-27T10:12:52 EAT" name="verifyContentEncoding" finished-at="2023-02-27T10:12:52 EAT" duration-ms="0" status="PASS">
          <reporter-output>
          </reporter-output>
        </test-method> <!-- verifyContentEncoding -->
        <test-method signature="verifyContentType()[pri:0, instance:dominicmalile.TestCases.ConvertDateToUnixTimeStamp@6379eb]" started-at="2023-02-27T10:12:52 EAT" name="verifyContentType" finished-at="2023-02-27T10:12:52 EAT" duration-ms="0" status="PASS">
          <reporter-output>
          </reporter-output>
        </test-method> <!-- verifyContentType -->
        <test-method signature="verifyHTTPstatuscode()[pri:0, instance:dominicmalile.TestCases.ConvertDateToUnixTimeStamp@6379eb]" started-at="2023-02-27T10:12:52 EAT" name="verifyHTTPstatuscode" finished-at="2023-02-27T10:12:52 EAT" duration-ms="1" status="PASS">
          <reporter-output>
          </reporter-output>
        </test-method> <!-- verifyHTTPstatuscode -->
        <test-method signature="verifyResponseBody()[pri:0, instance:dominicmalile.TestCases.ConvertDateToUnixTimeStamp@6379eb]" started-at="2023-02-27T10:12:52 EAT" name="verifyResponseBody" finished-at="2023-02-27T10:12:52 EAT" duration-ms="0" status="PASS">
          <reporter-output>
          </reporter-output>
        </test-method> <!-- verifyResponseBody -->
        <test-method signature="verifyResponseTime()[pri:0, instance:dominicmalile.TestCases.ConvertDateToUnixTimeStamp@6379eb]" started-at="2023-02-27T10:12:52 EAT" name="verifyResponseTime" finished-at="2023-02-27T10:12:52 EAT" duration-ms="1" status="PASS">
          <reporter-output>
          </reporter-output>
        </test-method> <!-- verifyResponseTime -->
        <test-method signature="verifyServer()[pri:0, instance:dominicmalile.TestCases.ConvertDateToUnixTimeStamp@6379eb]" started-at="2023-02-27T10:12:52 EAT" name="verifyServer" finished-at="2023-02-27T10:12:52 EAT" duration-ms="1" status="PASS">
          <reporter-output>
          </reporter-output>
        </test-method> <!-- verifyServer -->
        <test-method signature="verifyTransferEncoding()[pri:0, instance:dominicmalile.TestCases.ConvertDateToUnixTimeStamp@6379eb]" started-at="2023-02-27T10:12:52 EAT" name="verifyTransferEncoding" finished-at="2023-02-27T10:12:52 EAT" duration-ms="1" status="PASS">
          <reporter-output>
          </reporter-output>
        </test-method> <!-- verifyTransferEncoding -->
      </class> <!-- dominicmalile.TestCases.ConvertDateToUnixTimeStamp -->
      <class name="dominicmalile.TestCases.InvalidDateString">
        <test-method is-config="true" signature="dateToUnixStamp()[pri:0, instance:dominicmalile.TestCases.InvalidDateString@4cc451f2]" started-at="2023-02-27T10:12:51 EAT" name="dateToUnixStamp" finished-at="2023-02-27T10:12:51 EAT" duration-ms="162" status="PASS">
          <reporter-output>
          </reporter-output>
        </test-method> <!-- dateToUnixStamp -->
        <test-method signature="VerifyStatusLine()[pri:0, instance:dominicmalile.TestCases.InvalidDateString@4cc451f2]" started-at="2023-02-27T10:12:52 EAT" name="VerifyStatusLine" finished-at="2023-02-27T10:12:52 EAT" duration-ms="0" status="PASS">
          <reporter-output>
          </reporter-output>
        </test-method> <!-- VerifyStatusLine -->
        <test-method signature="verifyContentEncoding()[pri:0, instance:dominicmalile.TestCases.InvalidDateString@4cc451f2]" started-at="2023-02-27T10:12:52 EAT" name="verifyContentEncoding" finished-at="2023-02-27T10:12:52 EAT" duration-ms="0" status="PASS">
          <reporter-output>
          </reporter-output>
        </test-method> <!-- verifyContentEncoding -->
        <test-method signature="verifyContentType()[pri:0, instance:dominicmalile.TestCases.InvalidDateString@4cc451f2]" started-at="2023-02-27T10:12:52 EAT" name="verifyContentType" finished-at="2023-02-27T10:12:52 EAT" duration-ms="1" status="PASS">
          <reporter-output>
          </reporter-output>
        </test-method> <!-- verifyContentType -->
        <test-method signature="verifyHTTPstatuscode()[pri:0, instance:dominicmalile.TestCases.InvalidDateString@4cc451f2]" started-at="2023-02-27T10:12:52 EAT" name="verifyHTTPstatuscode" finished-at="2023-02-27T10:12:52 EAT" duration-ms="0" status="PASS">
          <reporter-output>
          </reporter-output>
        </test-method> <!-- verifyHTTPstatuscode -->
        <test-method signature="verifyResponseBody()[pri:0, instance:dominicmalile.TestCases.InvalidDateString@4cc451f2]" started-at="2023-02-27T10:12:52 EAT" name="verifyResponseBody" finished-at="2023-02-27T10:12:52 EAT" duration-ms="1" status="PASS">
          <reporter-output>
          </reporter-output>
        </test-method> <!-- verifyResponseBody -->
        <test-method signature="verifyResponseTime()[pri:0, instance:dominicmalile.TestCases.InvalidDateString@4cc451f2]" started-at="2023-02-27T10:12:52 EAT" name="verifyResponseTime" finished-at="2023-02-27T10:12:52 EAT" duration-ms="1" status="PASS">
          <reporter-output>
          </reporter-output>
        </test-method> <!-- verifyResponseTime -->
        <test-method signature="verifyServer()[pri:0, instance:dominicmalile.TestCases.InvalidDateString@4cc451f2]" started-at="2023-02-27T10:12:52 EAT" name="verifyServer" finished-at="2023-02-27T10:12:52 EAT" duration-ms="0" status="PASS">
          <reporter-output>
          </reporter-output>
        </test-method> <!-- verifyServer -->
        <test-method signature="verifyTransferEncoding()[pri:0, instance:dominicmalile.TestCases.InvalidDateString@4cc451f2]" started-at="2023-02-27T10:12:52 EAT" name="verifyTransferEncoding" finished-at="2023-02-27T10:12:52 EAT" duration-ms="0" status="PASS">
          <reporter-output>
          </reporter-output>
        </test-method> <!-- verifyTransferEncoding -->
      </class> <!-- dominicmalile.TestCases.InvalidDateString -->
      <class name="dominicmalile.TestCases.ConvertUnixTimeStampToDate">
        <test-method is-config="true" signature="dateToUnixStamp()[pri:0, instance:dominicmalile.TestCases.ConvertUnixTimeStampToDate@4466af20]" started-at="2023-02-27T10:12:50 EAT" name="dateToUnixStamp" finished-at="2023-02-27T10:12:51 EAT" duration-ms="958" status="PASS">
          <reporter-output>
          </reporter-output>
        </test-method> <!-- dateToUnixStamp -->
        <test-method signature="VerifyStatusLine()[pri:0, instance:dominicmalile.TestCases.ConvertUnixTimeStampToDate@4466af20]" started-at="2023-02-27T10:12:51 EAT" name="VerifyStatusLine" finished-at="2023-02-27T10:12:51 EAT" duration-ms="3" status="PASS">
          <reporter-output>
          </reporter-output>
        </test-method> <!-- VerifyStatusLine -->
        <test-method signature="verifyContentEncoding()[pri:0, instance:dominicmalile.TestCases.ConvertUnixTimeStampToDate@4466af20]" started-at="2023-02-27T10:12:51 EAT" name="verifyContentEncoding" finished-at="2023-02-27T10:12:51 EAT" duration-ms="1" status="PASS">
          <reporter-output>
          </reporter-output>
        </test-method> <!-- verifyContentEncoding -->
        <test-method signature="verifyContentType()[pri:0, instance:dominicmalile.TestCases.ConvertUnixTimeStampToDate@4466af20]" started-at="2023-02-27T10:12:51 EAT" name="verifyContentType" finished-at="2023-02-27T10:12:51 EAT" duration-ms="0" status="PASS">
          <reporter-output>
          </reporter-output>
        </test-method> <!-- verifyContentType -->
        <test-method signature="verifyHTTPstatuscode()[pri:0, instance:dominicmalile.TestCases.ConvertUnixTimeStampToDate@4466af20]" started-at="2023-02-27T10:12:51 EAT" name="verifyHTTPstatuscode" finished-at="2023-02-27T10:12:51 EAT" duration-ms="0" status="PASS">
          <reporter-output>
          </reporter-output>
        </test-method> <!-- verifyHTTPstatuscode -->
        <test-method signature="verifyResponseBody()[pri:0, instance:dominicmalile.TestCases.ConvertUnixTimeStampToDate@4466af20]" started-at="2023-02-27T10:12:51 EAT" name="verifyResponseBody" finished-at="2023-02-27T10:12:51 EAT" duration-ms="25" status="PASS">
          <reporter-output>
          </reporter-output>
        </test-method> <!-- verifyResponseBody -->
        <test-method signature="verifyResponseTime()[pri:0, instance:dominicmalile.TestCases.ConvertUnixTimeStampToDate@4466af20]" started-at="2023-02-27T10:12:51 EAT" name="verifyResponseTime" finished-at="2023-02-27T10:12:52 EAT" duration-ms="3" status="PASS">
          <reporter-output>
          </reporter-output>
        </test-method> <!-- verifyResponseTime -->
        <test-method signature="verifyServer()[pri:0, instance:dominicmalile.TestCases.ConvertUnixTimeStampToDate@4466af20]" started-at="2023-02-27T10:12:52 EAT" name="verifyServer" finished-at="2023-02-27T10:12:52 EAT" duration-ms="1" status="PASS">
          <reporter-output>
          </reporter-output>
        </test-method> <!-- verifyServer -->
        <test-method signature="verifyTransferEncoding()[pri:0, instance:dominicmalile.TestCases.ConvertUnixTimeStampToDate@4466af20]" started-at="2023-02-27T10:12:52 EAT" name="verifyTransferEncoding" finished-at="2023-02-27T10:12:52 EAT" duration-ms="0" status="PASS">
          <reporter-output>
          </reporter-output>
        </test-method> <!-- verifyTransferEncoding -->
      </class> <!-- dominicmalile.TestCases.ConvertUnixTimeStampToDate -->
    </test> <!-- Test -->
  </suite> <!-- Unix Timestamp Converter -->
</testng-results>
